  CircularBuffer.cpp
  DubSiren.cpp
  ExternalInput.cpp
  FrequencyCutoffs.cpp
  TenBandEQ.cpp
  TrackAudioPlayer.cpp
  AudioVisualiserComponent.cpp
  DubSirenComponent.cpp
  AudioSettingsComponent.cpp
  KeyBindingsComponent.cpp
  PopoutWindow.cpp
  DelayComponent.cpp
K:\dev\NEW DEV PROTOTYPE (CORRECT ONE)\Dev Project Prototype (NEW)\Source\Audio\DubSiren.h(45,23): warning C4305: 'initializing': truncation from 'double' to 'float' (compiling source file ..\..\Source\Audio\DubSiren.cpp)
K:\dev\NEW DEV PROTOTYPE (CORRECT ONE)\Dev Project Prototype (NEW)\Source\Audio\DubSiren.cpp(40,66): warning C4100: 'sampleRate': unreferenced formal parameter
K:\dev\NEW DEV PROTOTYPE (CORRECT ONE)\Dev Project Prototype (NEW)\Source\GUI\DubSirenComponent.h(14,10): fatal error C1083: Cannot open include file: 'Audio/DubSiren.h': No such file or directory (compiling source file ..\..\Source\GUI\DubSirenComponent.cpp)
K:\dev\NEW DEV PROTOTYPE (CORRECT ONE)\Dev Project Prototype (NEW)\Source\GUI\DelayComponent.h(14,10): fatal error C1083: Cannot open include file: 'Audio/CircularBuffer.h': No such file or directory (compiling source file ..\..\Source\GUI\DelayComponent.cpp)
K:\dev\NEW DEV PROTOTYPE (CORRECT ONE)\Dev Project Prototype (NEW)\Source\Settings\AudioSettingsComponent.cpp(60,21): warning C4244: 'argument': conversion from 'double' to 'int', possible loss of data
K:\dev\NEW DEV PROTOTYPE (CORRECT ONE)\Dev Project Prototype (NEW)\Source\Settings\AudioSettingsComponent.cpp(59,20): warning C4244: 'argument': conversion from 'double' to 'int', possible loss of data
K:\dev\NEW DEV PROTOTYPE (CORRECT ONE)\Dev Project Prototype (NEW)\Source\Settings\AudioSettingsComponent.cpp(57,41): warning C4244: 'argument': conversion from 'double' to 'int', possible loss of data
K:\dev\NEW DEV PROTOTYPE (CORRECT ONE)\Dev Project Prototype (NEW)\Source\Settings\KeyBindingsComponent.h(34,1): error C2059: syntax error: '<<' (compiling source file ..\..\Source\Settings\KeyBindingsComponent.cpp)
K:\dev\NEW DEV PROTOTYPE (CORRECT ONE)\Dev Project Prototype (NEW)\Source\Settings\KeyBindingsComponent.h(37,31): error C2238: unexpected token(s) preceding ';' (compiling source file ..\..\Source\Settings\KeyBindingsComponent.cpp)
K:\dev\NEW DEV PROTOTYPE (CORRECT ONE)\Dev Project Prototype (NEW)\Source\Settings\KeyBindingsComponent.h(40,1): error C2059: syntax error: '>>' (compiling source file ..\..\Source\Settings\KeyBindingsComponent.cpp)
K:\dev\NEW DEV PROTOTYPE (CORRECT ONE)\Dev Project Prototype (NEW)\Source\Settings\KeyBindingsComponent.h(42,23): error C2238: unexpected token(s) preceding ';' (compiling source file ..\..\Source\Settings\KeyBindingsComponent.cpp)
K:\dev\NEW DEV PROTOTYPE (CORRECT ONE)\Dev Project Prototype (NEW)\Source\Settings\KeyBindingsComponent.h(81,1): error C2059: syntax error: '<<' (compiling source file ..\..\Source\Settings\KeyBindingsComponent.cpp)
K:\dev\NEW DEV PROTOTYPE (CORRECT ONE)\Dev Project Prototype (NEW)\Source\Settings\KeyBindingsComponent.h(82,37): error C2334: unexpected token(s) preceding '{'; skipping apparent function body (compiling source file ..\..\Source\Settings\KeyBindingsComponent.cpp)
K:\dev\NEW DEV PROTOTYPE (CORRECT ONE)\Dev Project Prototype (NEW)\Source\Settings\KeyBindingsComponent.h(83,1): error C2059: syntax error: '==' (compiling source file ..\..\Source\Settings\KeyBindingsComponent.cpp)
K:\dev\NEW DEV PROTOTYPE (CORRECT ONE)\Dev Project Prototype (NEW)\Source\Settings\KeyBindingsComponent.h(84,37): error C2334: unexpected token(s) preceding '{'; skipping apparent function body (compiling source file ..\..\Source\Settings\KeyBindingsComponent.cpp)
K:\dev\NEW DEV PROTOTYPE (CORRECT ONE)\Dev Project Prototype (NEW)\Source\Settings\KeyBindingsComponent.h(85,1): error C2059: syntax error: '>>' (compiling source file ..\..\Source\Settings\KeyBindingsComponent.cpp)
K:\dev\NEW DEV PROTOTYPE (CORRECT ONE)\Dev Project Prototype (NEW)\Source\Settings\KeyBindingsComponent.h(86,38): error C2334: unexpected token(s) preceding '{'; skipping apparent function body (compiling source file ..\..\Source\Settings\KeyBindingsComponent.cpp)
K:\dev\NEW DEV PROTOTYPE (CORRECT ONE)\Dev Project Prototype (NEW)\Source\Settings\KeyBindingsComponent.h(72,164): warning C4305: 'initializing': truncation from 'double' to 'float' (compiling source file ..\..\Source\Settings\KeyBindingsComponent.cpp)
K:\dev\NEW DEV PROTOTYPE (CORRECT ONE)\Dev Project Prototype (NEW)\Source\Settings\KeyBindingsComponent.h(73,159): warning C4305: 'initializing': truncation from 'double' to 'float' (compiling source file ..\..\Source\Settings\KeyBindingsComponent.cpp)
K:\dev\NEW DEV PROTOTYPE (CORRECT ONE)\Dev Project Prototype (NEW)\Source\Settings\KeyBindingsComponent.h(77,207): warning C4305: 'initializing': truncation from 'double' to 'float' (compiling source file ..\..\Source\Settings\KeyBindingsComponent.cpp)
K:\dev\NEW DEV PROTOTYPE (CORRECT ONE)\Dev Project Prototype (NEW)\Source\Settings\KeyBindingsComponent.h(79,118): warning C4305: 'initializing': truncation from 'double' to 'float' (compiling source file ..\..\Source\Settings\KeyBindingsComponent.cpp)
K:\dev\NEW DEV PROTOTYPE (CORRECT ONE)\Dev Project Prototype (NEW)\Source\Settings\KeyBindingsComponent.h(80,113): warning C4305: 'initializing': truncation from 'double' to 'float' (compiling source file ..\..\Source\Settings\KeyBindingsComponent.cpp)
K:\dev\NEW DEV PROTOTYPE (CORRECT ONE)\Dev Project Prototype (NEW)\Source\GUI\AudioVisualiserComponent.h(14,10): fatal error C1083: Cannot open include file: 'Audio/FrequencyCutoffs.h': No such file or directory (compiling source file ..\..\Source\GUI\AudioVisualiserComponent.cpp)
K:\dev\NEW DEV PROTOTYPE (CORRECT ONE)\Dev Project Prototype (NEW)\Source\Settings\KeyBindingsComponent.cpp(33,23): error C2065: 'delayButtonBounds': undeclared identifier
K:\dev\NEW DEV PROTOTYPE (CORRECT ONE)\Dev Project Prototype (NEW)\Source\Settings\KeyBindingsComponent.cpp(34,23): error C2065: 'killEQButtonBounds': undeclared identifier
K:\dev\NEW DEV PROTOTYPE (CORRECT ONE)\Dev Project Prototype (NEW)\Source\Settings\KeyBindingsComponent.cpp(36,5): error C3861: 'refreshPage': identifier not found
K:\dev\NEW DEV PROTOTYPE (CORRECT ONE)\Dev Project Prototype (NEW)\Source\Settings\KeyBindingsComponent.cpp(44,28): error C2039: 'refreshPage': is not a member of 'KeyBindingsComponent'
K:\dev\NEW DEV PROTOTYPE (CORRECT ONE)\Dev Project Prototype (NEW)\Source\Settings\KeyBindingsComponent.h(19): message : see declaration of 'KeyBindingsComponent'
K:\dev\NEW DEV PROTOTYPE (CORRECT ONE)\Dev Project Prototype (NEW)\Source\Settings\KeyBindingsComponent.cpp(45,5): error C3861: 'removeAllChildren': identifier not found
K:\dev\NEW DEV PROTOTYPE (CORRECT ONE)\Dev Project Prototype (NEW)\Source\Settings\KeyBindingsComponent.cpp(46,5): error C2065: 'currentHeading': undeclared identifier
K:\dev\NEW DEV PROTOTYPE (CORRECT ONE)\Dev Project Prototype (NEW)\Source\Settings\KeyBindingsComponent.cpp(46,22): error C2065: 'headings': undeclared identifier
K:\dev\NEW DEV PROTOTYPE (CORRECT ONE)\Dev Project Prototype (NEW)\Source\Settings\KeyBindingsComponent.cpp(46,31): error C2065: 'currentTab': undeclared identifier
K:\dev\NEW DEV PROTOTYPE (CORRECT ONE)\Dev Project Prototype (NEW)\Source\Settings\KeyBindingsComponent.cpp(47,5): error C3861: 'repaint': identifier not found
K:\dev\NEW DEV PROTOTYPE (CORRECT ONE)\Dev Project Prototype (NEW)\Source\Settings\KeyBindingsComponent.cpp(48,23): error C2065: 'pageForward': undeclared identifier
K:\dev\NEW DEV PROTOTYPE (CORRECT ONE)\Dev Project Prototype (NEW)\Source\Settings\KeyBindingsComponent.cpp(48,5): error C3861: 'addAndMakeVisible': identifier not found
K:\dev\NEW DEV PROTOTYPE (CORRECT ONE)\Dev Project Prototype (NEW)\Source\Settings\KeyBindingsComponent.cpp(49,23): error C2065: 'pageBackwards': undeclared identifier
K:\dev\NEW DEV PROTOTYPE (CORRECT ONE)\Dev Project Prototype (NEW)\Source\Settings\KeyBindingsComponent.cpp(49,5): error C3861: 'addAndMakeVisible': identifier not found
K:\dev\NEW DEV PROTOTYPE (CORRECT ONE)\Dev Project Prototype (NEW)\Source\Settings\KeyBindingsComponent.cpp(50,5): error C2065: 'pageForward': undeclared identifier
K:\dev\NEW DEV PROTOTYPE (CORRECT ONE)\Dev Project Prototype (NEW)\Source\Settings\KeyBindingsComponent.cpp(50,29): error C2355: 'this': can only be referenced inside non-static member functions or non-static data member initializers
K:\dev\NEW DEV PROTOTYPE (CORRECT ONE)\Dev Project Prototype (NEW)\Source\Settings\KeyBindingsComponent.cpp(51,5): error C2065: 'pageBackwards': undeclared identifier
K:\dev\NEW DEV PROTOTYPE (CORRECT ONE)\Dev Project Prototype (NEW)\Source\Settings\KeyBindingsComponent.cpp(51,31): error C2355: 'this': can only be referenced inside non-static member functions or non-static data member initializers
K:\dev\NEW DEV PROTOTYPE (CORRECT ONE)\Dev Project Prototype (NEW)\Source\Settings\KeyBindingsComponent.cpp(53,32): error C2065: 'parameters': undeclared identifier
K:\dev\NEW DEV PROTOTYPE (CORRECT ONE)\Dev Project Prototype (NEW)\Source\Settings\KeyBindingsComponent.cpp(53,54): error C2065: 'parameters': undeclared identifier
K:\dev\NEW DEV PROTOTYPE (CORRECT ONE)\Dev Project Prototype (NEW)\Source\Settings\KeyBindingsComponent.cpp(54,29): error C2065: 'parameterSizes': undeclared identifier
K:\dev\NEW DEV PROTOTYPE (CORRECT ONE)\Dev Project Prototype (NEW)\Source\Settings\KeyBindingsComponent.cpp(56,31): error C2065: 'parameters': undeclared identifier
K:\dev\NEW DEV PROTOTYPE (CORRECT ONE)\Dev Project Prototype (NEW)\Source\Settings\KeyBindingsComponent.cpp(56,13): error C3861: 'addAndMakeVisible': identifier not found
K:\dev\NEW DEV PROTOTYPE (CORRECT ONE)\Dev Project Prototype (NEW)\Source\Settings\KeyBindingsComponent.cpp(57,13): error C2065: 'parameters': undeclared identifier
K:\dev\NEW DEV PROTOTYPE (CORRECT ONE)\Dev Project Prototype (NEW)\Source\Settings\KeyBindingsComponent.cpp(57,42): error C2355: 'this': can only be referenced inside non-static member functions or non-static data member initializers
K:\dev\NEW DEV PROTOTYPE (CORRECT ONE)\Dev Project Prototype (NEW)\Source\Settings\KeyBindingsComponent.cpp(58,13): error C2065: 'parameters': undeclared identifier
K:\dev\NEW DEV PROTOTYPE (CORRECT ONE)\Dev Project Prototype (NEW)\Source\Settings\KeyBindingsComponent.cpp(59,13): error C2065: 'parameters': undeclared identifier
K:\dev\NEW DEV PROTOTYPE (CORRECT ONE)\Dev Project Prototype (NEW)\Source\Settings\KeyBindingsComponent.cpp(107,36): error C2039: 'getHeadings': is not a member of 'KeyBindingsComponent'
K:\dev\NEW DEV PROTOTYPE (CORRECT ONE)\Dev Project Prototype (NEW)\Source\Settings\KeyBindingsComponent.h(19): message : see declaration of 'KeyBindingsComponent'
K:\dev\NEW DEV PROTOTYPE (CORRECT ONE)\Dev Project Prototype (NEW)\Source\Settings\KeyBindingsComponent.cpp(108,12): error C2065: 'headings': undeclared identifier
K:\dev\NEW DEV PROTOTYPE (CORRECT ONE)\Dev Project Prototype (NEW)\Source\Settings\KeyBindingsComponent.cpp(146,161): warning C4244: 'argument': conversion from 'float' to 'int', possible loss of data
K:\dev\NEW DEV PROTOTYPE (CORRECT ONE)\Dev Project Prototype (NEW)\Source\Settings\KeyBindingsComponent.cpp(146,124): warning C4244: 'argument': conversion from 'float' to 'int', possible loss of data
K:\dev\NEW DEV PROTOTYPE (CORRECT ONE)\Dev Project Prototype (NEW)\Source\Settings\KeyBindingsComponent.cpp(146,88): warning C4244: 'argument': conversion from 'float' to 'int', possible loss of data
K:\dev\NEW DEV PROTOTYPE (CORRECT ONE)\Dev Project Prototype (NEW)\Source\Settings\KeyBindingsComponent.cpp(146,51): warning C4244: 'argument': conversion from 'float' to 'int', possible loss of data
K:\dev\NEW DEV PROTOTYPE (CORRECT ONE)\Dev Project Prototype (NEW)\Source\Audio\ExternalInput.cpp(36,71): warning C4100: 'sampleRate': unreferenced formal parameter
K:\dev\NEW DEV PROTOTYPE (CORRECT ONE)\Dev Project Prototype (NEW)\Source\Audio\ExternalInput.cpp(36,39): warning C4100: 'samplesPerBlockExpected': unreferenced formal parameter
K:\dev\NEW DEV PROTOTYPE (CORRECT ONE)\Dev Project Prototype (NEW)\Source\Audio\ExternalInput.cpp(74,26): warning C4189: 'noise': local variable is initialized but not referenced
K:\dev\NEW DEV PROTOTYPE (CORRECT ONE)\Dev Project Prototype (NEW)\Source\Audio\CircularBuffer.h(12,10): fatal error C1083: Cannot open include file: 'Audio/TrackAudioPlayer.h': No such file or directory (compiling source file ..\..\Source\Audio\CircularBuffer.cpp)
K:\dev\NEW DEV PROTOTYPE (CORRECT ONE)\Dev Project Prototype (NEW)\Source\Settings\PopoutWindow.cpp(20,31): warning C4244: 'argument': conversion from 'double' to 'int', possible loss of data
K:\dev\NEW DEV PROTOTYPE (CORRECT ONE)\Dev Project Prototype (NEW)\Source\Settings\PopoutWindow.cpp(20,22): warning C4244: 'argument': conversion from 'double' to 'int', possible loss of data
K:\dev\NEW DEV PROTOTYPE (CORRECT ONE)\Dev Project Prototype (NEW)\Source\Settings\PopoutWindow.cpp(18,5): warning C4996: 'juce::ResizableWindow::setContentComponent': use setContentOwned and setContentNonOwned instead.
  InputComponent.cpp
  KillEQComponent.cpp
  MasterComponent.cpp
  MeterComponent.cpp
  ReverbComponent.cpp
K:\dev\NEW DEV PROTOTYPE (CORRECT ONE)\Dev Project Prototype (NEW)\Source\Audio\TenBandEQ.h(14,10): fatal error C1083: Cannot open include file: 'Threads/FrequencyLevelThread.h': No such file or directory (compiling source file ..\..\Source\Audio\TenBandEQ.cpp)
K:\dev\NEW DEV PROTOTYPE (CORRECT ONE)\Dev Project Prototype (NEW)\Source\Audio\FrequencyCutoffs.cpp(38,95): warning C4305: 'argument': truncation from 'double' to 'NumericType'
          with
          [
              NumericType=float
          ]
K:\dev\NEW DEV PROTOTYPE (CORRECT ONE)\Dev Project Prototype (NEW)\Source\Audio\FrequencyCutoffs.cpp(90,74): warning C4100: 'sampleRate': unreferenced formal parameter
  TenBandComponent.cpp
  TrackThumbnailComponent.cpp
  Main.cpp
  MainComponent.cpp
  MidiHandler.cpp
  FrequencyLevelThread.cpp
  include_juce_audio_basics.cpp
K:\dev\NEW DEV PROTOTYPE (CORRECT ONE)\Dev Project Prototype (NEW)\Source\GUI\InputComponent.h(14,10): fatal error C1083: Cannot open include file: 'Audio/TrackAudioPlayer.h': No such file or directory (compiling source file ..\..\Source\GUI\InputComponent.cpp)
  include_juce_audio_devices.cpp
K:\dev\NEW DEV PROTOTYPE (CORRECT ONE)\Dev Project Prototype (NEW)\Source\GUI\TenBandComponent.h(14,10): fatal error C1083: Cannot open include file: 'Audio/TenBandEQ.h': No such file or directory (compiling source file ..\..\Source\GUI\TenBandComponent.cpp)
K:\dev\NEW DEV PROTOTYPE (CORRECT ONE)\Dev Project Prototype (NEW)\Source\GUI\ReverbComponent.h(14,10): fatal error C1083: Cannot open include file: 'Audio/TrackAudioPlayer.h': No such file or directory (compiling source file ..\..\Source\GUI\ReverbComponent.cpp)
  include_juce_audio_formats.cpp
K:\dev\NEW DEV PROTOTYPE (CORRECT ONE)\Dev Project Prototype (NEW)\Source\GUI\MasterComponent.h(14,10): fatal error C1083: Cannot open include file: 'GUI/MeterComponent.h': No such file or directory (compiling source file ..\..\Source\GUI\MasterComponent.cpp)
  include_juce_audio_processors_ara.cpp
  include_juce_audio_processors_lv2_libs.cpp
  include_juce_audio_utils.cpp
  include_juce_data_structures.cpp
K:\dev\NEW DEV PROTOTYPE (CORRECT ONE)\Dev Project Prototype (NEW)\Source\GUI\KillEQComponent.h(14,10): fatal error C1083: Cannot open include file: 'GUI/AudioVisualiserComponent.h': No such file or directory (compiling source file ..\..\Source\GUI\KillEQComponent.cpp)
  include_juce_dsp.cpp
  include_juce_events.cpp
K:\dev\NEW DEV PROTOTYPE (CORRECT ONE)\Dev Project Prototype (NEW)\Source\GUI\TrackThumbnailComponent.h(14,10): fatal error C1083: Cannot open include file: 'Audio/TrackAudioPlayer.h': No such file or directory (compiling source file ..\..\Source\GUI\TrackThumbnailComponent.cpp)
  include_juce_graphics.cpp
K:\dev\NEW DEV PROTOTYPE (CORRECT ONE)\Dev Project Prototype (NEW)\Source\Threads\FrequencyLevelThread.cpp(65,56): warning C4244: 'argument': conversion from 'double' to 'float', possible loss of data
K:\dev\NEW DEV PROTOTYPE (CORRECT ONE)\Dev Project Prototype (NEW)\Source\Threads\FrequencyLevelThread.cpp(93,17): warning C4456: declaration of 'i' hides previous local declaration
K:\dev\NEW DEV PROTOTYPE (CORRECT ONE)\Dev Project Prototype (NEW)\Source\Threads\FrequencyLevelThread.cpp(68,18): message : see declaration of 'i'
K:\dev\NEW DEV PROTOTYPE (CORRECT ONE)\Dev Project Prototype (NEW)\Source\Threads\FrequencyLevelThread.cpp(65,20): warning C4996: 'juce::SmoothedValue<float,juce::ValueSmoothingTypes::Linear>::setValue': Use setTargetValue and setCurrentAndTargetValue instead.
  include_juce_gui_extra.cpp
K:\dev\NEW DEV PROTOTYPE (CORRECT ONE)\Dev Project Prototype (NEW)\Source\MainComponent.h(6,10): fatal error C1083: Cannot open include file: 'MidiHandler.h': No such file or directory (compiling source file ..\..\Source\MainComponent.cpp)
K:\dev\NEW DEV PROTOTYPE (CORRECT ONE)\Dev Project Prototype (NEW)\Source\MainComponent.h(6,10): fatal error C1083: Cannot open include file: 'MidiHandler.h': No such file or directory (compiling source file ..\..\Source\Main.cpp)
K:\dev\NEW DEV PROTOTYPE (CORRECT ONE)\Dev Project Prototype (NEW)\Source\rapidjson\encodings.h(148,1): warning C4005: 'TRANS': macro redefinition (compiling source file ..\..\Source\MidiHandler.cpp)
C:\JUCE\modules\juce_core\text\juce_LocalisedStrings.h(208): message : see previous definition of 'TRANS' (compiling source file ..\..\Source\MidiHandler.cpp)
K:\dev\NEW DEV PROTOTYPE (CORRECT ONE)\Dev Project Prototype (NEW)\Source\rapidjson\document.h(110,5): warning C4996: 'std::iterator<std::random_access_iterator_tag,internal::MaybeAddConst<Const,rapidjson::GenericMember<Encoding,Allocator>>::Type,ptrdiff_t,internal::MaybeAddConst<Const,rapidjson::GenericMember<Encoding,Allocator>>::Type*,internal::MaybeAddConst<Const,rapidjson::GenericMember<Encoding,Allocator>>::Type&>': warning STL4015: The std::iterator class template (used as a base class to provide typedefs) is deprecated in C++17. (The <iterator> header is NOT deprecated.) The C++ Standard has never required user-defined iterators to derive from std::iterator. To fix this warning, stop deriving from std::iterator and start providing publicly accessible typedefs named iterator_category, value_type, difference_type, pointer, and reference. Note that value_type is required to be non-const, even for constant iterators. You can define _SILENCE_CXX17_ITERATOR_BASE_CLASS_DEPRECATION_WARNING or _SILENCE_ALL_CXX17_DEPRECATION_WARNINGS to acknowledge that you have received this warning. (compiling source file ..\..\Source\MidiHandler.cpp)
C:\Program Files (x86)\Microsoft Visual Studio\2019\Professional\VC\Tools\MSVC\14.29.30133\include\xutility(5911,54): message : see declaration of 'std::iterator' (compiling source file ..\..\Source\MidiHandler.cpp)
K:\dev\NEW DEV PROTOTYPE (CORRECT ONE)\Dev Project Prototype (NEW)\Source\rapidjson\document.h(194): message : see reference to class template instantiation 'rapidjson::GenericMemberIterator<Const,Encoding,Allocator>' being compiled (compiling source file ..\..\Source\MidiHandler.cpp)
K:\dev\NEW DEV PROTOTYPE (CORRECT ONE)\Dev Project Prototype (NEW)\Source\rapidjson\document.h(958,76): warning C4003: not enough arguments for function-like macro invocation 'max' (compiling source file ..\..\Source\MidiHandler.cpp)
K:\dev\NEW DEV PROTOTYPE (CORRECT ONE)\Dev Project Prototype (NEW)\Source\rapidjson\document.h(964,76): warning C4003: not enough arguments for function-like macro invocation 'min' (compiling source file ..\..\Source\MidiHandler.cpp)
K:\dev\NEW DEV PROTOTYPE (CORRECT ONE)\Dev Project Prototype (NEW)\Source\rapidjson\document.h(965,75): warning C4003: not enough arguments for function-like macro invocation 'max' (compiling source file ..\..\Source\MidiHandler.cpp)
K:\dev\NEW DEV PROTOTYPE (CORRECT ONE)\Dev Project Prototype (NEW)\Source\rapidjson\document.h(982,66): warning C4003: not enough arguments for function-like macro invocation 'max' (compiling source file ..\..\Source\MidiHandler.cpp)
K:\dev\NEW DEV PROTOTYPE (CORRECT ONE)\Dev Project Prototype (NEW)\Source\rapidjson\document.h(983,72): warning C4003: not enough arguments for function-like macro invocation 'max' (compiling source file ..\..\Source\MidiHandler.cpp)
K:\dev\NEW DEV PROTOTYPE (CORRECT ONE)\Dev Project Prototype (NEW)\Source\MidiHandler.h(24,10): fatal error C1083: Cannot open include file: 'Settings/KeyBindingsComponent.h': No such file or directory (compiling source file ..\..\Source\MidiHandler.cpp)
